Conflict in state 184 between rule 62 and token TELSE resolved as shift.
State 75 contains 1 shift/reduce conflict.

Grammar
rule 1    mini_c -> translation_unit
rule 2    translation_unit -> external_dcl
rule 3    translation_unit -> translation_unit external_dcl
rule 4    external_dcl -> function_def
rule 5    external_dcl -> declaration
rule 6    external_dcl -> error TSEMICOLON
rule 7    external_dcl -> error TBRAMR
rule 8    function_def -> function_header compound_st
rule 9    function_header -> dcl_spec function_name formal_param
rule 10   function_header -> error function_name formal_param
rule 11   dcl_spec -> dcl_specifiers
rule 12   dcl_specifiers -> dcl_specifier
rule 13   dcl_specifiers -> dcl_specifiers dcl_specifier
rule 14   dcl_specifier -> type_qualifier
rule 15   dcl_specifier -> type_specifier
rule 16   type_qualifier -> TCONST
rule 17   type_specifier -> TINT
rule 18   type_specifier -> TFLOAT
rule 19   type_specifier -> TVOID
rule 20   function_name -> TIDENT
rule 21   formal_param -> TBRASL opt_formal_param TBRASR
rule 22   formal_param -> TBRASL opt_formal_param error
rule 23   opt_formal_param -> formal_param_list
rule 24   opt_formal_param ->		/* empty */
rule 25   formal_param_list -> param_dcl
rule 26   formal_param_list -> formal_param_list TCOMMA param_dcl
rule 27   formal_param_list -> formal_param_list param_dcl error
rule 28   param_dcl -> dcl_spec declarator
rule 29   compound_st -> TBRAML opt_dcl_list opt_stat_list TBRAMR
rule 30   compound_st -> TBRAML opt_dcl_list opt_stat_list error
rule 31   opt_dcl_list -> declaration_list
rule 32   opt_dcl_list ->		/* empty */
rule 33   declaration_list -> declaration
rule 34   declaration_list -> declaration_list declaration
rule 35   declaration -> dcl_spec init_dcl_list TSEMICOLON
rule 36   declaration -> dcl_spec init_dcl_list error
rule 37   init_dcl_list -> init_declarator
rule 38   init_dcl_list -> init_dcl_list TCOMMA init_declarator
rule 39   init_dcl_list -> init_dcl_list init_declarator error
rule 40   init_declarator -> declarator
rule 41   init_declarator -> declarator TASSIGN TNUMBER
rule 42   init_declarator -> declarator TASSIGN TRNUMBER
rule 43   declarator -> TIDENT
rule 44   declarator -> TIDENT TBRALL opt_number TBRALR
rule 45   declarator -> TIDENT TBRALL opt_number error
rule 46   opt_number -> TNUMBER
rule 47   opt_number -> TRNUMBER
rule 48   opt_number ->		/* empty */
rule 49   opt_stat_list -> statement_list
rule 50   opt_stat_list ->		/* empty */
rule 51   statement_list -> statement
rule 52   statement_list -> statement_list statement
rule 53   statement -> compound_st
rule 54   statement -> expression_st
rule 55   statement -> if_st
rule 56   statement -> while_st
rule 57   statement -> return_st
rule 58   expression_st -> opt_expression TSEMICOLON
rule 59   expression_st -> expression error
rule 60   opt_expression -> expression
rule 61   opt_expression ->		/* empty */
rule 62   if_st -> TIF TBRASL expression TBRASR statement
rule 63   if_st -> TIF TBRASL expression TBRASR statement TELSE statement
rule 64   while_st -> TWHILE TBRASL expression TBRASR statement
rule 65   return_st -> TRETURN opt_expression TSEMICOLON
rule 66   return_st -> TRETURN opt_expression error
rule 67   expression -> assignment_exp
rule 68   assignment_exp -> logical_or_exp
rule 69   assignment_exp -> unary_exp TASSIGN assignment_exp
rule 70   assignment_exp -> unary_exp TADDASSIGN assignment_exp
rule 71   assignment_exp -> unary_exp TSUBASSIGN assignment_exp
rule 72   assignment_exp -> unary_exp TMULASSIGN assignment_exp
rule 73   assignment_exp -> unary_exp TDIVASSIGN assignment_exp
rule 74   assignment_exp -> unary_exp TMODASSIGN assignment_exp
rule 75   assignment_exp -> unary_exp error
rule 76   logical_or_exp -> logical_and_exp
rule 77   logical_or_exp -> logical_or_exp TOR logical_and_exp
rule 78   logical_or_exp -> logical_or_exp TOR error
rule 79   logical_and_exp -> equality_exp
rule 80   logical_and_exp -> logical_and_exp TAND equality_exp
rule 81   logical_and_exp -> logical_and_exp TAND error
rule 82   equality_exp -> relational_exp
rule 83   equality_exp -> equality_exp TEQUAL relational_exp
rule 84   equality_exp -> equality_exp TNOTEQU relational_exp
rule 85   equality_exp -> equality_exp TEQUAL error
rule 86   equality_exp -> equality_exp TNOTEQU error
rule 87   relational_exp -> additive_exp
rule 88   relational_exp -> relational_exp TGREAT additive_exp
rule 89   relational_exp -> relational_exp TLESS additive_exp
rule 90   relational_exp -> relational_exp TGREATE additive_exp
rule 91   relational_exp -> relational_exp TLESSE additive_exp
rule 92   relational_exp -> relational_exp TGREAT error
rule 93   relational_exp -> relational_exp TLESS error
rule 94   relational_exp -> relational_exp TGREATE error
rule 95   relational_exp -> relational_exp TLESSE error
rule 96   additive_exp -> multiplicative_exp
rule 97   additive_exp -> additive_exp TADD multiplicative_exp
rule 98   additive_exp -> additive_exp TSUB multiplicative_exp
rule 99   additive_exp -> additive_exp TADD error
rule 100  additive_exp -> additive_exp TSUB error
rule 101  multiplicative_exp -> unary_exp
rule 102  multiplicative_exp -> multiplicative_exp TMUL unary_exp
rule 103  multiplicative_exp -> multiplicative_exp TDIV unary_exp
rule 104  multiplicative_exp -> multiplicative_exp TMOD unary_exp
rule 105  multiplicative_exp -> multiplicative_exp TMUL error
rule 106  multiplicative_exp -> multiplicative_exp TDIV error
rule 107  multiplicative_exp -> multiplicative_exp TMOD error
rule 108  unary_exp -> postfix_exp
rule 109  unary_exp -> TSUB unary_exp
rule 110  unary_exp -> TNOT unary_exp
rule 111  unary_exp -> TINC unary_exp
rule 112  unary_exp -> TDEC unary_exp
rule 113  postfix_exp -> primary_exp
rule 114  postfix_exp -> postfix_exp TBRALL expression TBRALR
rule 115  postfix_exp -> postfix_exp TBRALL expression error
rule 116  postfix_exp -> postfix_exp TBRASL opt_actual_param TBRASR
rule 117  postfix_exp -> postfix_exp TBRASL opt_actual_param error
rule 118  postfix_exp -> postfix_exp TINC
rule 119  postfix_exp -> postfix_exp TDEC
rule 120  opt_actual_param -> actual_param
rule 121  actual_param -> actual_param_list
rule 122  actual_param ->		/* empty */
rule 123  actual_param_list -> assignment_exp
rule 124  actual_param_list -> actual_param_list TCOMMA assignment_exp
rule 125  primary_exp -> TIDENT
rule 126  primary_exp -> TNUMBER
rule 127  primary_exp -> TRNUMBER
rule 128  primary_exp -> TBRASL expression TBRASR
rule 129  primary_exp -> TBRASL expression error

Terminals, with rules where they appear

$ (-1)
error (256) 6 7 10 22 27 30 36 39 45 59 66 75 78 81 85 86 92 93 94
    95 99 100 105 106 107 115 117 129
TCONST (258) 16
TELSE (259) 63
TIF (260) 62 63
TINT (261) 17
TFLOAT (262) 18
TRETURN (263) 65 66
TVOID (264) 19
TWHILE (265) 64
TADD (266) 97 99
TSUB (267) 98 100 109
TMUL (268) 102 105
TDIV (269) 103 106
TMOD (270) 104 107
TASSIGN (271) 41 42 69
TADDASSIGN (272) 70
TSUBASSIGN (273) 71
TMULASSIGN (274) 72
TDIVASSIGN (275) 73
TMODASSIGN (276) 74
TOR (277) 77 78
TAND (278) 80 81
TNOT (279) 110
TEQUAL (280) 83 85
TNOTEQU (281) 84 86
TGREATE (282) 90 94
TLESSE (283) 91 95
TGREAT (284) 88 92
TLESS (285) 89 93
TINC (286) 111 118
TDEC (287) 112 119
TBRASL (288) 21 22 62 63 64 116 117 128 129
TBRASR (289) 21 62 63 64 116 128
TBRAML (290) 29 30
TBRAMR (291) 7 29
TBRALL (292) 44 45 114 115
TBRALR (293) 44 114
TCOMMA (294) 26 38 124
TSEMICOLON (295) 6 35 58 65
TIDENT (296) 20 43 44 45 125
TNUMBER (297) 41 46 126
TRNUMBER (298) 42 47 127
LOWER_THAN_ELSE (299)

Nonterminals, with rules where they appear

mini_c (45)
    on left: 1
translation_unit (46)
    on left: 2 3, on right: 1 3
external_dcl (47)
    on left: 4 5 6 7, on right: 2 3
function_def (48)
    on left: 8, on right: 4
function_header (49)
    on left: 9 10, on right: 8
dcl_spec (50)
    on left: 11, on right: 9 28 35 36
dcl_specifiers (51)
    on left: 12 13, on right: 11 13
dcl_specifier (52)
    on left: 14 15, on right: 12 13
type_qualifier (53)
    on left: 16, on right: 14
type_specifier (54)
    on left: 17 18 19, on right: 15
function_name (55)
    on left: 20, on right: 9 10
formal_param (56)
    on left: 21 22, on right: 9 10
opt_formal_param (57)
    on left: 23 24, on right: 21 22
formal_param_list (58)
    on left: 25 26 27, on right: 23 26 27
param_dcl (59)
    on left: 28, on right: 25 26 27
compound_st (60)
    on left: 29 30, on right: 8 53
opt_dcl_list (61)
    on left: 31 32, on right: 29 30
declaration_list (62)
    on left: 33 34, on right: 31 34
declaration (63)
    on left: 35 36, on right: 5 33 34
init_dcl_list (64)
    on left: 37 38 39, on right: 35 36 38 39
init_declarator (65)
    on left: 40 41 42, on right: 37 38 39
declarator (66)
    on left: 43 44 45, on right: 28 40 41 42
opt_number (67)
    on left: 46 47 48, on right: 44 45
opt_stat_list (68)
    on left: 49 50, on right: 29 30
statement_list (69)
    on left: 51 52, on right: 49 52
statement (70)
    on left: 53 54 55 56 57, on right: 51 52 62 63 64
expression_st (71)
    on left: 58 59, on right: 54
opt_expression (72)
    on left: 60 61, on right: 58 65 66
if_st (73)
    on left: 62 63, on right: 55
while_st (74)
    on left: 64, on right: 56
return_st (75)
    on left: 65 66, on right: 57
expression (76)
    on left: 67, on right: 59 60 62 63 64 114 115 128 129
assignment_exp (77)
    on left: 68 69 70 71 72 73 74 75, on right: 67 69 70 71 72 73 74
    123 124
logical_or_exp (78)
    on left: 76 77 78, on right: 68 77 78
logical_and_exp (79)
    on left: 79 80 81, on right: 76 77 80 81
equality_exp (80)
    on left: 82 83 84 85 86, on right: 79 80 83 84 85 86
relational_exp (81)
    on left: 87 88 89 90 91 92 93 94 95, on right: 82 83 84 88 89 90
    91 92 93 94 95
additive_exp (82)
    on left: 96 97 98 99 100, on right: 87 88 89 90 91 97 98 99 100
multiplicative_exp (83)
    on left: 101 102 103 104 105 106 107, on right: 96 97 98 102 103
    104 105 106 107
unary_exp (84)
    on left: 108 109 110 111 112, on right: 69 70 71 72 73 74 75 101
    102 103 104 109 110 111 112
postfix_exp (85)
    on left: 113 114 115 116 117 118 119, on right: 108 114 115 116
    117 118 119
opt_actual_param (86)
    on left: 120, on right: 116 117
actual_param (87)
    on left: 121 122, on right: 120
actual_param_list (88)
    on left: 123 124, on right: 121 124
primary_exp (89)
    on left: 125 126 127 128 129, on right: 113


state 0

    error	shift, and go to state 1
    TCONST	shift, and go to state 2
    TINT	shift, and go to state 3
    TFLOAT	shift, and go to state 4
    TVOID	shift, and go to state 5

    mini_c	go to state 189
    translation_unit	go to state 6
    external_dcl	go to state 7
    function_def	go to state 8
    function_header	go to state 9
    dcl_spec	go to state 10
    dcl_specifiers	go to state 11
    dcl_specifier	go to state 12
    type_qualifier	go to state 13
    type_specifier	go to state 14
    declaration	go to state 15



state 1

    external_dcl  ->  error . TSEMICOLON   (rule 6)
    external_dcl  ->  error . TBRAMR   (rule 7)
    function_header  ->  error . function_name formal_param   (rule 10)

    TBRAMR	shift, and go to state 16
    TSEMICOLON	shift, and go to state 17
    TIDENT	shift, and go to state 18

    function_name	go to state 19



state 2

    type_qualifier  ->  TCONST .   (rule 16)

    $default	reduce using rule 16 (type_qualifier)



state 3

    type_specifier  ->  TINT .   (rule 17)

    $default	reduce using rule 17 (type_specifier)



state 4

    type_specifier  ->  TFLOAT .   (rule 18)

    $default	reduce using rule 18 (type_specifier)



state 5

    type_specifier  ->  TVOID .   (rule 19)

    $default	reduce using rule 19 (type_specifier)



state 6

    mini_c  ->  translation_unit .   (rule 1)
    translation_unit  ->  translation_unit . external_dcl   (rule 3)

    error	shift, and go to state 1
    TCONST	shift, and go to state 2
    TINT	shift, and go to state 3
    TFLOAT	shift, and go to state 4
    TVOID	shift, and go to state 5

    $   	reduce using rule 1 (mini_c)

    external_dcl	go to state 20
    function_def	go to state 8
    function_header	go to state 9
    dcl_spec	go to state 10
    dcl_specifiers	go to state 11
    dcl_specifier	go to state 12
    type_qualifier	go to state 13
    type_specifier	go to state 14
    declaration	go to state 15



state 7

    translation_unit  ->  external_dcl .   (rule 2)

    $default	reduce using rule 2 (translation_unit)



state 8

    external_dcl  ->  function_def .   (rule 4)

    $default	reduce using rule 4 (external_dcl)



state 9

    function_def  ->  function_header . compound_st   (rule 8)

    TBRAML	shift, and go to state 21

    compound_st	go to state 22



state 10

    function_header  ->  dcl_spec . function_name formal_param   (rule 9)
    declaration  ->  dcl_spec . init_dcl_list TSEMICOLON   (rule 35)
    declaration  ->  dcl_spec . init_dcl_list error   (rule 36)

    TIDENT	shift, and go to state 23

    function_name	go to state 24
    init_dcl_list	go to state 25
    init_declarator	go to state 26
    declarator	go to state 27



state 11

    dcl_spec  ->  dcl_specifiers .   (rule 11)
    dcl_specifiers  ->  dcl_specifiers . dcl_specifier   (rule 13)

    TCONST	shift, and go to state 2
    TINT	shift, and go to state 3
    TFLOAT	shift, and go to state 4
    TVOID	shift, and go to state 5

    $default	reduce using rule 11 (dcl_spec)

    dcl_specifier	go to state 28
    type_qualifier	go to state 13
    type_specifier	go to state 14



state 12

    dcl_specifiers  ->  dcl_specifier .   (rule 12)

    $default	reduce using rule 12 (dcl_specifiers)



state 13

    dcl_specifier  ->  type_qualifier .   (rule 14)

    $default	reduce using rule 14 (dcl_specifier)



state 14

    dcl_specifier  ->  type_specifier .   (rule 15)

    $default	reduce using rule 15 (dcl_specifier)



state 15

    external_dcl  ->  declaration .   (rule 5)

    $default	reduce using rule 5 (external_dcl)



state 16

    external_dcl  ->  error TBRAMR .   (rule 7)

    $default	reduce using rule 7 (external_dcl)



state 17

    external_dcl  ->  error TSEMICOLON .   (rule 6)

    $default	reduce using rule 6 (external_dcl)



state 18

    function_name  ->  TIDENT .   (rule 20)

    $default	reduce using rule 20 (function_name)



state 19

    function_header  ->  error function_name . formal_param   (rule 10)

    TBRASL	shift, and go to state 29

    formal_param	go to state 30



state 20

    translation_unit  ->  translation_unit external_dcl .   (rule 3)

    $default	reduce using rule 3 (translation_unit)



state 21

    compound_st  ->  TBRAML . opt_dcl_list opt_stat_list TBRAMR   (rule 29)
    compound_st  ->  TBRAML . opt_dcl_list opt_stat_list error   (rule 30)

    TCONST	shift, and go to state 2
    TINT	shift, and go to state 3
    TFLOAT	shift, and go to state 4
    TVOID	shift, and go to state 5

    $default	reduce using rule 32 (opt_dcl_list)

    dcl_spec	go to state 31
    dcl_specifiers	go to state 11
    dcl_specifier	go to state 12
    type_qualifier	go to state 13
    type_specifier	go to state 14
    opt_dcl_list	go to state 32
    declaration_list	go to state 33
    declaration	go to state 34



state 22

    function_def  ->  function_header compound_st .   (rule 8)

    $default	reduce using rule 8 (function_def)



state 23

    function_name  ->  TIDENT .   (rule 20)
    declarator  ->  TIDENT .   (rule 43)
    declarator  ->  TIDENT . TBRALL opt_number TBRALR   (rule 44)
    declarator  ->  TIDENT . TBRALL opt_number error   (rule 45)

    TBRALL	shift, and go to state 35

    TBRASL	reduce using rule 20 (function_name)
    $default	reduce using rule 43 (declarator)



state 24

    function_header  ->  dcl_spec function_name . formal_param   (rule 9)

    TBRASL	shift, and go to state 29

    formal_param	go to state 36



state 25

    declaration  ->  dcl_spec init_dcl_list . TSEMICOLON   (rule 35)
    declaration  ->  dcl_spec init_dcl_list . error   (rule 36)
    init_dcl_list  ->  init_dcl_list . TCOMMA init_declarator   (rule 38)
    init_dcl_list  ->  init_dcl_list . init_declarator error   (rule 39)

    error	shift, and go to state 37
    TCOMMA	shift, and go to state 38
    TSEMICOLON	shift, and go to state 39
    TIDENT	shift, and go to state 40

    init_declarator	go to state 41
    declarator	go to state 27



state 26

    init_dcl_list  ->  init_declarator .   (rule 37)

    $default	reduce using rule 37 (init_dcl_list)



state 27

    init_declarator  ->  declarator .   (rule 40)
    init_declarator  ->  declarator . TASSIGN TNUMBER   (rule 41)
    init_declarator  ->  declarator . TASSIGN TRNUMBER   (rule 42)

    TASSIGN	shift, and go to state 42

    $default	reduce using rule 40 (init_declarator)



state 28

    dcl_specifiers  ->  dcl_specifiers dcl_specifier .   (rule 13)

    $default	reduce using rule 13 (dcl_specifiers)



state 29

    formal_param  ->  TBRASL . opt_formal_param TBRASR   (rule 21)
    formal_param  ->  TBRASL . opt_formal_param error   (rule 22)

    TCONST	shift, and go to state 2
    TINT	shift, and go to state 3
    TFLOAT	shift, and go to state 4
    TVOID	shift, and go to state 5

    $default	reduce using rule 24 (opt_formal_param)

    dcl_spec	go to state 43
    dcl_specifiers	go to state 11
    dcl_specifier	go to state 12
    type_qualifier	go to state 13
    type_specifier	go to state 14
    opt_formal_param	go to state 44
    formal_param_list	go to state 45
    param_dcl	go to state 46



state 30

    function_header  ->  error function_name formal_param .   (rule 10)

    $default	reduce using rule 10 (function_header)



state 31

    declaration  ->  dcl_spec . init_dcl_list TSEMICOLON   (rule 35)
    declaration  ->  dcl_spec . init_dcl_list error   (rule 36)

    TIDENT	shift, and go to state 40

    init_dcl_list	go to state 25
    init_declarator	go to state 26
    declarator	go to state 27



state 32

    compound_st  ->  TBRAML opt_dcl_list . opt_stat_list TBRAMR   (rule 29)
    compound_st  ->  TBRAML opt_dcl_list . opt_stat_list error   (rule 30)

    TIF 	shift, and go to state 47
    TRETURN	shift, and go to state 48
    TWHILE	shift, and go to state 49
    TSUB	shift, and go to state 50
    TNOT	shift, and go to state 51
    TINC	shift, and go to state 52
    TDEC	shift, and go to state 53
    TBRASL	shift, and go to state 54
    TBRAML	shift, and go to state 21
    TIDENT	shift, and go to state 55
    TNUMBER	shift, and go to state 56
    TRNUMBER	shift, and go to state 57

    TSEMICOLON	reduce using rule 61 (opt_expression)
    $default	reduce using rule 50 (opt_stat_list)

    compound_st	go to state 58
    opt_stat_list	go to state 59
    statement_list	go to state 60
    statement	go to state 61
    expression_st	go to state 62
    opt_expression	go to state 63
    if_st	go to state 64
    while_st	go to state 65
    return_st	go to state 66
    expression	go to state 67
    assignment_exp	go to state 68
    logical_or_exp	go to state 69
    logical_and_exp	go to state 70
    equality_exp	go to state 71
    relational_exp	go to state 72
    additive_exp	go to state 73
    multiplicative_exp	go to state 74
    unary_exp	go to state 75
    postfix_exp	go to state 76
    primary_exp	go to state 77



state 33

    opt_dcl_list  ->  declaration_list .   (rule 31)
    declaration_list  ->  declaration_list . declaration   (rule 34)

    TCONST	shift, and go to state 2
    TINT	shift, and go to state 3
    TFLOAT	shift, and go to state 4
    TVOID	shift, and go to state 5

    $default	reduce using rule 31 (opt_dcl_list)

    dcl_spec	go to state 31
    dcl_specifiers	go to state 11
    dcl_specifier	go to state 12
    type_qualifier	go to state 13
    type_specifier	go to state 14
    declaration	go to state 78



state 34

    declaration_list  ->  declaration .   (rule 33)

    $default	reduce using rule 33 (declaration_list)



state 35

    declarator  ->  TIDENT TBRALL . opt_number TBRALR   (rule 44)
    declarator  ->  TIDENT TBRALL . opt_number error   (rule 45)

    TNUMBER	shift, and go to state 79
    TRNUMBER	shift, and go to state 80

    $default	reduce using rule 48 (opt_number)

    opt_number	go to state 81



state 36

    function_header  ->  dcl_spec function_name formal_param .   (rule 9)

    $default	reduce using rule 9 (function_header)



state 37

    declaration  ->  dcl_spec init_dcl_list error .   (rule 36)

    $default	reduce using rule 36 (declaration)



state 38

    init_dcl_list  ->  init_dcl_list TCOMMA . init_declarator   (rule 38)

    TIDENT	shift, and go to state 40

    init_declarator	go to state 82
    declarator	go to state 27



state 39

    declaration  ->  dcl_spec init_dcl_list TSEMICOLON .   (rule 35)

    $default	reduce using rule 35 (declaration)



state 40

    declarator  ->  TIDENT .   (rule 43)
    declarator  ->  TIDENT . TBRALL opt_number TBRALR   (rule 44)
    declarator  ->  TIDENT . TBRALL opt_number error   (rule 45)

    TBRALL	shift, and go to state 35

    $default	reduce using rule 43 (declarator)



state 41

    init_dcl_list  ->  init_dcl_list init_declarator . error   (rule 39)

    error	shift, and go to state 83



state 42

    init_declarator  ->  declarator TASSIGN . TNUMBER   (rule 41)
    init_declarator  ->  declarator TASSIGN . TRNUMBER   (rule 42)

    TNUMBER	shift, and go to state 84
    TRNUMBER	shift, and go to state 85



state 43

    param_dcl  ->  dcl_spec . declarator   (rule 28)

    TIDENT	shift, and go to state 40

    declarator	go to state 86



state 44

    formal_param  ->  TBRASL opt_formal_param . TBRASR   (rule 21)
    formal_param  ->  TBRASL opt_formal_param . error   (rule 22)

    error	shift, and go to state 87
    TBRASR	shift, and go to state 88



state 45

    opt_formal_param  ->  formal_param_list .   (rule 23)
    formal_param_list  ->  formal_param_list . TCOMMA param_dcl   (rule 26)
    formal_param_list  ->  formal_param_list . param_dcl error   (rule 27)

    TCONST	shift, and go to state 2
    TINT	shift, and go to state 3
    TFLOAT	shift, and go to state 4
    TVOID	shift, and go to state 5
    TCOMMA	shift, and go to state 89

    $default	reduce using rule 23 (opt_formal_param)

    dcl_spec	go to state 43
    dcl_specifiers	go to state 11
    dcl_specifier	go to state 12
    type_qualifier	go to state 13
    type_specifier	go to state 14
    param_dcl	go to state 90



state 46

    formal_param_list  ->  param_dcl .   (rule 25)

    $default	reduce using rule 25 (formal_param_list)



state 47

    if_st  ->  TIF . TBRASL expression TBRASR statement   (rule 62)
    if_st  ->  TIF . TBRASL expression TBRASR statement TELSE statement   (rule 63)

    TBRASL	shift, and go to state 91



state 48

    return_st  ->  TRETURN . opt_expression TSEMICOLON   (rule 65)
    return_st  ->  TRETURN . opt_expression error   (rule 66)

    TSUB	shift, and go to state 50
    TNOT	shift, and go to state 51
    TINC	shift, and go to state 52
    TDEC	shift, and go to state 53
    TBRASL	shift, and go to state 54
    TIDENT	shift, and go to state 55
    TNUMBER	shift, and go to state 56
    TRNUMBER	shift, and go to state 57

    $default	reduce using rule 61 (opt_expression)

    opt_expression	go to state 92
    expression	go to state 93
    assignment_exp	go to state 68
    logical_or_exp	go to state 69
    logical_and_exp	go to state 70
    equality_exp	go to state 71
    relational_exp	go to state 72
    additive_exp	go to state 73
    multiplicative_exp	go to state 74
    unary_exp	go to state 75
    postfix_exp	go to state 76
    primary_exp	go to state 77



state 49

    while_st  ->  TWHILE . TBRASL expression TBRASR statement   (rule 64)

    TBRASL	shift, and go to state 94



state 50

    unary_exp  ->  TSUB . unary_exp   (rule 109)

    TSUB	shift, and go to state 50
    TNOT	shift, and go to state 51
    TINC	shift, and go to state 52
    TDEC	shift, and go to state 53
    TBRASL	shift, and go to state 54
    TIDENT	shift, and go to state 55
    TNUMBER	shift, and go to state 56
    TRNUMBER	shift, and go to state 57

    unary_exp	go to state 95
    postfix_exp	go to state 76
    primary_exp	go to state 77



state 51

    unary_exp  ->  TNOT . unary_exp   (rule 110)

    TSUB	shift, and go to state 50
    TNOT	shift, and go to state 51
    TINC	shift, and go to state 52
    TDEC	shift, and go to state 53
    TBRASL	shift, and go to state 54
    TIDENT	shift, and go to state 55
    TNUMBER	shift, and go to state 56
    TRNUMBER	shift, and go to state 57

    unary_exp	go to state 96
    postfix_exp	go to state 76
    primary_exp	go to state 77



state 52

    unary_exp  ->  TINC . unary_exp   (rule 111)

    TSUB	shift, and go to state 50
    TNOT	shift, and go to state 51
    TINC	shift, and go to state 52
    TDEC	shift, and go to state 53
    TBRASL	shift, and go to state 54
    TIDENT	shift, and go to state 55
    TNUMBER	shift, and go to state 56
    TRNUMBER	shift, and go to state 57

    unary_exp	go to state 97
    postfix_exp	go to state 76
    primary_exp	go to state 77



state 53

    unary_exp  ->  TDEC . unary_exp   (rule 112)

    TSUB	shift, and go to state 50
    TNOT	shift, and go to state 51
    TINC	shift, and go to state 52
    TDEC	shift, and go to state 53
    TBRASL	shift, and go to state 54
    TIDENT	shift, and go to state 55
    TNUMBER	shift, and go to state 56
    TRNUMBER	shift, and go to state 57

    unary_exp	go to state 98
    postfix_exp	go to state 76
    primary_exp	go to state 77



state 54

    primary_exp  ->  TBRASL . expression TBRASR   (rule 128)
    primary_exp  ->  TBRASL . expression error   (rule 129)

    TSUB	shift, and go to state 50
    TNOT	shift, and go to state 51
    TINC	shift, and go to state 52
    TDEC	shift, and go to state 53
    TBRASL	shift, and go to state 54
    TIDENT	shift, and go to state 55
    TNUMBER	shift, and go to state 56
    TRNUMBER	shift, and go to state 57

    expression	go to state 99
    assignment_exp	go to state 68
    logical_or_exp	go to state 69
    logical_and_exp	go to state 70
    equality_exp	go to state 71
    relational_exp	go to state 72
    additive_exp	go to state 73
    multiplicative_exp	go to state 74
    unary_exp	go to state 75
    postfix_exp	go to state 76
    primary_exp	go to state 77



state 55

    primary_exp  ->  TIDENT .   (rule 125)

    $default	reduce using rule 125 (primary_exp)



state 56

    primary_exp  ->  TNUMBER .   (rule 126)

    $default	reduce using rule 126 (primary_exp)



state 57

    primary_exp  ->  TRNUMBER .   (rule 127)

    $default	reduce using rule 127 (primary_exp)



state 58

    statement  ->  compound_st .   (rule 53)

    $default	reduce using rule 53 (statement)



state 59

    compound_st  ->  TBRAML opt_dcl_list opt_stat_list . TBRAMR   (rule 29)
    compound_st  ->  TBRAML opt_dcl_list opt_stat_list . error   (rule 30)

    error	shift, and go to state 100
    TBRAMR	shift, and go to state 101



state 60

    opt_stat_list  ->  statement_list .   (rule 49)
    statement_list  ->  statement_list . statement   (rule 52)

    TIF 	shift, and go to state 47
    TRETURN	shift, and go to state 48
    TWHILE	shift, and go to state 49
    TSUB	shift, and go to state 50
    TNOT	shift, and go to state 51
    TINC	shift, and go to state 52
    TDEC	shift, and go to state 53
    TBRASL	shift, and go to state 54
    TBRAML	shift, and go to state 21
    TIDENT	shift, and go to state 55
    TNUMBER	shift, and go to state 56
    TRNUMBER	shift, and go to state 57

    TSEMICOLON	reduce using rule 61 (opt_expression)
    $default	reduce using rule 49 (opt_stat_list)

    compound_st	go to state 58
    statement	go to state 102
    expression_st	go to state 62
    opt_expression	go to state 63
    if_st	go to state 64
    while_st	go to state 65
    return_st	go to state 66
    expression	go to state 67
    assignment_exp	go to state 68
    logical_or_exp	go to state 69
    logical_and_exp	go to state 70
    equality_exp	go to state 71
    relational_exp	go to state 72
    additive_exp	go to state 73
    multiplicative_exp	go to state 74
    unary_exp	go to state 75
    postfix_exp	go to state 76
    primary_exp	go to state 77



state 61

    statement_list  ->  statement .   (rule 51)

    $default	reduce using rule 51 (statement_list)



state 62

    statement  ->  expression_st .   (rule 54)

    $default	reduce using rule 54 (statement)



state 63

    expression_st  ->  opt_expression . TSEMICOLON   (rule 58)

    TSEMICOLON	shift, and go to state 103



state 64

    statement  ->  if_st .   (rule 55)

    $default	reduce using rule 55 (statement)



state 65

    statement  ->  while_st .   (rule 56)

    $default	reduce using rule 56 (statement)



state 66

    statement  ->  return_st .   (rule 57)

    $default	reduce using rule 57 (statement)



state 67

    expression_st  ->  expression . error   (rule 59)
    opt_expression  ->  expression .   (rule 60)

    error	shift, and go to state 104

    TSEMICOLON	reduce using rule 60 (opt_expression)



state 68

    expression  ->  assignment_exp .   (rule 67)

    $default	reduce using rule 67 (expression)



state 69

    assignment_exp  ->  logical_or_exp .   (rule 68)
    logical_or_exp  ->  logical_or_exp . TOR logical_and_exp   (rule 77)
    logical_or_exp  ->  logical_or_exp . TOR error   (rule 78)

    TOR 	shift, and go to state 105

    $default	reduce using rule 68 (assignment_exp)



state 70

    logical_or_exp  ->  logical_and_exp .   (rule 76)
    logical_and_exp  ->  logical_and_exp . TAND equality_exp   (rule 80)
    logical_and_exp  ->  logical_and_exp . TAND error   (rule 81)

    TAND	shift, and go to state 106

    $default	reduce using rule 76 (logical_or_exp)



state 71

    logical_and_exp  ->  equality_exp .   (rule 79)
    equality_exp  ->  equality_exp . TEQUAL relational_exp   (rule 83)
    equality_exp  ->  equality_exp . TNOTEQU relational_exp   (rule 84)
    equality_exp  ->  equality_exp . TEQUAL error   (rule 85)
    equality_exp  ->  equality_exp . TNOTEQU error   (rule 86)

    TEQUAL	shift, and go to state 107
    TNOTEQU	shift, and go to state 108

    $default	reduce using rule 79 (logical_and_exp)



state 72

    equality_exp  ->  relational_exp .   (rule 82)
    relational_exp  ->  relational_exp . TGREAT additive_exp   (rule 88)
    relational_exp  ->  relational_exp . TLESS additive_exp   (rule 89)
    relational_exp  ->  relational_exp . TGREATE additive_exp   (rule 90)
    relational_exp  ->  relational_exp . TLESSE additive_exp   (rule 91)
    relational_exp  ->  relational_exp . TGREAT error   (rule 92)
    relational_exp  ->  relational_exp . TLESS error   (rule 93)
    relational_exp  ->  relational_exp . TGREATE error   (rule 94)
    relational_exp  ->  relational_exp . TLESSE error   (rule 95)

    TGREATE	shift, and go to state 109
    TLESSE	shift, and go to state 110
    TGREAT	shift, and go to state 111
    TLESS	shift, and go to state 112

    $default	reduce using rule 82 (equality_exp)



state 73

    relational_exp  ->  additive_exp .   (rule 87)
    additive_exp  ->  additive_exp . TADD multiplicative_exp   (rule 97)
    additive_exp  ->  additive_exp . TSUB multiplicative_exp   (rule 98)
    additive_exp  ->  additive_exp . TADD error   (rule 99)
    additive_exp  ->  additive_exp . TSUB error   (rule 100)

    TADD	shift, and go to state 113
    TSUB	shift, and go to state 114

    $default	reduce using rule 87 (relational_exp)



state 74

    additive_exp  ->  multiplicative_exp .   (rule 96)
    multiplicative_exp  ->  multiplicative_exp . TMUL unary_exp   (rule 102)
    multiplicative_exp  ->  multiplicative_exp . TDIV unary_exp   (rule 103)
    multiplicative_exp  ->  multiplicative_exp . TMOD unary_exp   (rule 104)
    multiplicative_exp  ->  multiplicative_exp . TMUL error   (rule 105)
    multiplicative_exp  ->  multiplicative_exp . TDIV error   (rule 106)
    multiplicative_exp  ->  multiplicative_exp . TMOD error   (rule 107)

    TMUL	shift, and go to state 115
    TDIV	shift, and go to state 116
    TMOD	shift, and go to state 117

    $default	reduce using rule 96 (additive_exp)



state 75

    assignment_exp  ->  unary_exp . TASSIGN assignment_exp   (rule 69)
    assignment_exp  ->  unary_exp . TADDASSIGN assignment_exp   (rule 70)
    assignment_exp  ->  unary_exp . TSUBASSIGN assignment_exp   (rule 71)
    assignment_exp  ->  unary_exp . TMULASSIGN assignment_exp   (rule 72)
    assignment_exp  ->  unary_exp . TDIVASSIGN assignment_exp   (rule 73)
    assignment_exp  ->  unary_exp . TMODASSIGN assignment_exp   (rule 74)
    assignment_exp  ->  unary_exp . error   (rule 75)
    multiplicative_exp  ->  unary_exp .   (rule 101)

    error	shift, and go to state 118
    TASSIGN	shift, and go to state 119
    TADDASSIGN	shift, and go to state 120
    TSUBASSIGN	shift, and go to state 121
    TMULASSIGN	shift, and go to state 122
    TDIVASSIGN	shift, and go to state 123
    TMODASSIGN	shift, and go to state 124

    error	[reduce using rule 101 (multiplicative_exp)]
    TADD	reduce using rule 101 (multiplicative_exp)
    TSUB	reduce using rule 101 (multiplicative_exp)
    TMUL	reduce using rule 101 (multiplicative_exp)
    TDIV	reduce using rule 101 (multiplicative_exp)
    TMOD	reduce using rule 101 (multiplicative_exp)
    TOR 	reduce using rule 101 (multiplicative_exp)
    TAND	reduce using rule 101 (multiplicative_exp)
    TEQUAL	reduce using rule 101 (multiplicative_exp)
    TNOTEQU	reduce using rule 101 (multiplicative_exp)
    TGREATE	reduce using rule 101 (multiplicative_exp)
    TLESSE	reduce using rule 101 (multiplicative_exp)
    TGREAT	reduce using rule 101 (multiplicative_exp)
    TLESS	reduce using rule 101 (multiplicative_exp)
    TBRASR	reduce using rule 101 (multiplicative_exp)
    TBRALR	reduce using rule 101 (multiplicative_exp)
    TCOMMA	reduce using rule 101 (multiplicative_exp)
    TSEMICOLON	reduce using rule 101 (multiplicative_exp)



state 76

    unary_exp  ->  postfix_exp .   (rule 108)
    postfix_exp  ->  postfix_exp . TBRALL expression TBRALR   (rule 114)
    postfix_exp  ->  postfix_exp . TBRALL expression error   (rule 115)
    postfix_exp  ->  postfix_exp . TBRASL opt_actual_param TBRASR   (rule 116)
    postfix_exp  ->  postfix_exp . TBRASL opt_actual_param error   (rule 117)
    postfix_exp  ->  postfix_exp . TINC   (rule 118)
    postfix_exp  ->  postfix_exp . TDEC   (rule 119)

    TINC	shift, and go to state 125
    TDEC	shift, and go to state 126
    TBRASL	shift, and go to state 127
    TBRALL	shift, and go to state 128

    $default	reduce using rule 108 (unary_exp)



state 77

    postfix_exp  ->  primary_exp .   (rule 113)

    $default	reduce using rule 113 (postfix_exp)



state 78

    declaration_list  ->  declaration_list declaration .   (rule 34)

    $default	reduce using rule 34 (declaration_list)



state 79

    opt_number  ->  TNUMBER .   (rule 46)

    $default	reduce using rule 46 (opt_number)



state 80

    opt_number  ->  TRNUMBER .   (rule 47)

    $default	reduce using rule 47 (opt_number)



state 81

    declarator  ->  TIDENT TBRALL opt_number . TBRALR   (rule 44)
    declarator  ->  TIDENT TBRALL opt_number . error   (rule 45)

    error	shift, and go to state 129
    TBRALR	shift, and go to state 130



state 82

    init_dcl_list  ->  init_dcl_list TCOMMA init_declarator .   (rule 38)

    $default	reduce using rule 38 (init_dcl_list)



state 83

    init_dcl_list  ->  init_dcl_list init_declarator error .   (rule 39)

    $default	reduce using rule 39 (init_dcl_list)



state 84

    init_declarator  ->  declarator TASSIGN TNUMBER .   (rule 41)

    $default	reduce using rule 41 (init_declarator)



state 85

    init_declarator  ->  declarator TASSIGN TRNUMBER .   (rule 42)

    $default	reduce using rule 42 (init_declarator)



state 86

    param_dcl  ->  dcl_spec declarator .   (rule 28)

    $default	reduce using rule 28 (param_dcl)



state 87

    formal_param  ->  TBRASL opt_formal_param error .   (rule 22)

    $default	reduce using rule 22 (formal_param)



state 88

    formal_param  ->  TBRASL opt_formal_param TBRASR .   (rule 21)

    $default	reduce using rule 21 (formal_param)



state 89

    formal_param_list  ->  formal_param_list TCOMMA . param_dcl   (rule 26)

    TCONST	shift, and go to state 2
    TINT	shift, and go to state 3
    TFLOAT	shift, and go to state 4
    TVOID	shift, and go to state 5

    dcl_spec	go to state 43
    dcl_specifiers	go to state 11
    dcl_specifier	go to state 12
    type_qualifier	go to state 13
    type_specifier	go to state 14
    param_dcl	go to state 131



state 90

    formal_param_list  ->  formal_param_list param_dcl . error   (rule 27)

    error	shift, and go to state 132



state 91

    if_st  ->  TIF TBRASL . expression TBRASR statement   (rule 62)
    if_st  ->  TIF TBRASL . expression TBRASR statement TELSE statement   (rule 63)

    TSUB	shift, and go to state 50
    TNOT	shift, and go to state 51
    TINC	shift, and go to state 52
    TDEC	shift, and go to state 53
    TBRASL	shift, and go to state 54
    TIDENT	shift, and go to state 55
    TNUMBER	shift, and go to state 56
    TRNUMBER	shift, and go to state 57

    expression	go to state 133
    assignment_exp	go to state 68
    logical_or_exp	go to state 69
    logical_and_exp	go to state 70
    equality_exp	go to state 71
    relational_exp	go to state 72
    additive_exp	go to state 73
    multiplicative_exp	go to state 74
    unary_exp	go to state 75
    postfix_exp	go to state 76
    primary_exp	go to state 77



state 92

    return_st  ->  TRETURN opt_expression . TSEMICOLON   (rule 65)
    return_st  ->  TRETURN opt_expression . error   (rule 66)

    error	shift, and go to state 134
    TSEMICOLON	shift, and go to state 135



state 93

    opt_expression  ->  expression .   (rule 60)

    $default	reduce using rule 60 (opt_expression)



state 94

    while_st  ->  TWHILE TBRASL . expression TBRASR statement   (rule 64)

    TSUB	shift, and go to state 50
    TNOT	shift, and go to state 51
    TINC	shift, and go to state 52
    TDEC	shift, and go to state 53
    TBRASL	shift, and go to state 54
    TIDENT	shift, and go to state 55
    TNUMBER	shift, and go to state 56
    TRNUMBER	shift, and go to state 57

    expression	go to state 136
    assignment_exp	go to state 68
    logical_or_exp	go to state 69
    logical_and_exp	go to state 70
    equality_exp	go to state 71
    relational_exp	go to state 72
    additive_exp	go to state 73
    multiplicative_exp	go to state 74
    unary_exp	go to state 75
    postfix_exp	go to state 76
    primary_exp	go to state 77



state 95

    unary_exp  ->  TSUB unary_exp .   (rule 109)

    $default	reduce using rule 109 (unary_exp)



state 96

    unary_exp  ->  TNOT unary_exp .   (rule 110)

    $default	reduce using rule 110 (unary_exp)



state 97

    unary_exp  ->  TINC unary_exp .   (rule 111)

    $default	reduce using rule 111 (unary_exp)



state 98

    unary_exp  ->  TDEC unary_exp .   (rule 112)

    $default	reduce using rule 112 (unary_exp)



state 99

    primary_exp  ->  TBRASL expression . TBRASR   (rule 128)
    primary_exp  ->  TBRASL expression . error   (rule 129)

    error	shift, and go to state 137
    TBRASR	shift, and go to state 138



state 100

    compound_st  ->  TBRAML opt_dcl_list opt_stat_list error .   (rule 30)

    $default	reduce using rule 30 (compound_st)



state 101

    compound_st  ->  TBRAML opt_dcl_list opt_stat_list TBRAMR .   (rule 29)

    $default	reduce using rule 29 (compound_st)



state 102

    statement_list  ->  statement_list statement .   (rule 52)

    $default	reduce using rule 52 (statement_list)



state 103

    expression_st  ->  opt_expression TSEMICOLON .   (rule 58)

    $default	reduce using rule 58 (expression_st)



state 104

    expression_st  ->  expression error .   (rule 59)

    $default	reduce using rule 59 (expression_st)



state 105

    logical_or_exp  ->  logical_or_exp TOR . logical_and_exp   (rule 77)
    logical_or_exp  ->  logical_or_exp TOR . error   (rule 78)

    error	shift, and go to state 139
    TSUB	shift, and go to state 50
    TNOT	shift, and go to state 51
    TINC	shift, and go to state 52
    TDEC	shift, and go to state 53
    TBRASL	shift, and go to state 54
    TIDENT	shift, and go to state 55
    TNUMBER	shift, and go to state 56
    TRNUMBER	shift, and go to state 57

    logical_and_exp	go to state 140
    equality_exp	go to state 71
    relational_exp	go to state 72
    additive_exp	go to state 73
    multiplicative_exp	go to state 74
    unary_exp	go to state 141
    postfix_exp	go to state 76
    primary_exp	go to state 77



state 106

    logical_and_exp  ->  logical_and_exp TAND . equality_exp   (rule 80)
    logical_and_exp  ->  logical_and_exp TAND . error   (rule 81)

    error	shift, and go to state 142
    TSUB	shift, and go to state 50
    TNOT	shift, and go to state 51
    TINC	shift, and go to state 52
    TDEC	shift, and go to state 53
    TBRASL	shift, and go to state 54
    TIDENT	shift, and go to state 55
    TNUMBER	shift, and go to state 56
    TRNUMBER	shift, and go to state 57

    equality_exp	go to state 143
    relational_exp	go to state 72
    additive_exp	go to state 73
    multiplicative_exp	go to state 74
    unary_exp	go to state 141
    postfix_exp	go to state 76
    primary_exp	go to state 77



state 107

    equality_exp  ->  equality_exp TEQUAL . relational_exp   (rule 83)
    equality_exp  ->  equality_exp TEQUAL . error   (rule 85)

    error	shift, and go to state 144
    TSUB	shift, and go to state 50
    TNOT	shift, and go to state 51
    TINC	shift, and go to state 52
    TDEC	shift, and go to state 53
    TBRASL	shift, and go to state 54
    TIDENT	shift, and go to state 55
    TNUMBER	shift, and go to state 56
    TRNUMBER	shift, and go to state 57

    relational_exp	go to state 145
    additive_exp	go to state 73
    multiplicative_exp	go to state 74
    unary_exp	go to state 141
    postfix_exp	go to state 76
    primary_exp	go to state 77



state 108

    equality_exp  ->  equality_exp TNOTEQU . relational_exp   (rule 84)
    equality_exp  ->  equality_exp TNOTEQU . error   (rule 86)

    error	shift, and go to state 146
    TSUB	shift, and go to state 50
    TNOT	shift, and go to state 51
    TINC	shift, and go to state 52
    TDEC	shift, and go to state 53
    TBRASL	shift, and go to state 54
    TIDENT	shift, and go to state 55
    TNUMBER	shift, and go to state 56
    TRNUMBER	shift, and go to state 57

    relational_exp	go to state 147
    additive_exp	go to state 73
    multiplicative_exp	go to state 74
    unary_exp	go to state 141
    postfix_exp	go to state 76
    primary_exp	go to state 77



state 109

    relational_exp  ->  relational_exp TGREATE . additive_exp   (rule 90)
    relational_exp  ->  relational_exp TGREATE . error   (rule 94)

    error	shift, and go to state 148
    TSUB	shift, and go to state 50
    TNOT	shift, and go to state 51
    TINC	shift, and go to state 52
    TDEC	shift, and go to state 53
    TBRASL	shift, and go to state 54
    TIDENT	shift, and go to state 55
    TNUMBER	shift, and go to state 56
    TRNUMBER	shift, and go to state 57

    additive_exp	go to state 149
    multiplicative_exp	go to state 74
    unary_exp	go to state 141
    postfix_exp	go to state 76
    primary_exp	go to state 77



state 110

    relational_exp  ->  relational_exp TLESSE . additive_exp   (rule 91)
    relational_exp  ->  relational_exp TLESSE . error   (rule 95)

    error	shift, and go to state 150
    TSUB	shift, and go to state 50
    TNOT	shift, and go to state 51
    TINC	shift, and go to state 52
    TDEC	shift, and go to state 53
    TBRASL	shift, and go to state 54
    TIDENT	shift, and go to state 55
    TNUMBER	shift, and go to state 56
    TRNUMBER	shift, and go to state 57

    additive_exp	go to state 151
    multiplicative_exp	go to state 74
    unary_exp	go to state 141
    postfix_exp	go to state 76
    primary_exp	go to state 77



state 111

    relational_exp  ->  relational_exp TGREAT . additive_exp   (rule 88)
    relational_exp  ->  relational_exp TGREAT . error   (rule 92)

    error	shift, and go to state 152
    TSUB	shift, and go to state 50
    TNOT	shift, and go to state 51
    TINC	shift, and go to state 52
    TDEC	shift, and go to state 53
    TBRASL	shift, and go to state 54
    TIDENT	shift, and go to state 55
    TNUMBER	shift, and go to state 56
    TRNUMBER	shift, and go to state 57

    additive_exp	go to state 153
    multiplicative_exp	go to state 74
    unary_exp	go to state 141
    postfix_exp	go to state 76
    primary_exp	go to state 77



state 112

    relational_exp  ->  relational_exp TLESS . additive_exp   (rule 89)
    relational_exp  ->  relational_exp TLESS . error   (rule 93)

    error	shift, and go to state 154
    TSUB	shift, and go to state 50
    TNOT	shift, and go to state 51
    TINC	shift, and go to state 52
    TDEC	shift, and go to state 53
    TBRASL	shift, and go to state 54
    TIDENT	shift, and go to state 55
    TNUMBER	shift, and go to state 56
    TRNUMBER	shift, and go to state 57

    additive_exp	go to state 155
    multiplicative_exp	go to state 74
    unary_exp	go to state 141
    postfix_exp	go to state 76
    primary_exp	go to state 77



state 113

    additive_exp  ->  additive_exp TADD . multiplicative_exp   (rule 97)
    additive_exp  ->  additive_exp TADD . error   (rule 99)

    error	shift, and go to state 156
    TSUB	shift, and go to state 50
    TNOT	shift, and go to state 51
    TINC	shift, and go to state 52
    TDEC	shift, and go to state 53
    TBRASL	shift, and go to state 54
    TIDENT	shift, and go to state 55
    TNUMBER	shift, and go to state 56
    TRNUMBER	shift, and go to state 57

    multiplicative_exp	go to state 157
    unary_exp	go to state 141
    postfix_exp	go to state 76
    primary_exp	go to state 77



state 114

    additive_exp  ->  additive_exp TSUB . multiplicative_exp   (rule 98)
    additive_exp  ->  additive_exp TSUB . error   (rule 100)

    error	shift, and go to state 158
    TSUB	shift, and go to state 50
    TNOT	shift, and go to state 51
    TINC	shift, and go to state 52
    TDEC	shift, and go to state 53
    TBRASL	shift, and go to state 54
    TIDENT	shift, and go to state 55
    TNUMBER	shift, and go to state 56
    TRNUMBER	shift, and go to state 57

    multiplicative_exp	go to state 159
    unary_exp	go to state 141
    postfix_exp	go to state 76
    primary_exp	go to state 77



state 115

    multiplicative_exp  ->  multiplicative_exp TMUL . unary_exp   (rule 102)
    multiplicative_exp  ->  multiplicative_exp TMUL . error   (rule 105)

    error	shift, and go to state 160
    TSUB	shift, and go to state 50
    TNOT	shift, and go to state 51
    TINC	shift, and go to state 52
    TDEC	shift, and go to state 53
    TBRASL	shift, and go to state 54
    TIDENT	shift, and go to state 55
    TNUMBER	shift, and go to state 56
    TRNUMBER	shift, and go to state 57

    unary_exp	go to state 161
    postfix_exp	go to state 76
    primary_exp	go to state 77



state 116

    multiplicative_exp  ->  multiplicative_exp TDIV . unary_exp   (rule 103)
    multiplicative_exp  ->  multiplicative_exp TDIV . error   (rule 106)

    error	shift, and go to state 162
    TSUB	shift, and go to state 50
    TNOT	shift, and go to state 51
    TINC	shift, and go to state 52
    TDEC	shift, and go to state 53
    TBRASL	shift, and go to state 54
    TIDENT	shift, and go to state 55
    TNUMBER	shift, and go to state 56
    TRNUMBER	shift, and go to state 57

    unary_exp	go to state 163
    postfix_exp	go to state 76
    primary_exp	go to state 77



state 117

    multiplicative_exp  ->  multiplicative_exp TMOD . unary_exp   (rule 104)
    multiplicative_exp  ->  multiplicative_exp TMOD . error   (rule 107)

    error	shift, and go to state 164
    TSUB	shift, and go to state 50
    TNOT	shift, and go to state 51
    TINC	shift, and go to state 52
    TDEC	shift, and go to state 53
    TBRASL	shift, and go to state 54
    TIDENT	shift, and go to state 55
    TNUMBER	shift, and go to state 56
    TRNUMBER	shift, and go to state 57

    unary_exp	go to state 165
    postfix_exp	go to state 76
    primary_exp	go to state 77



state 118

    assignment_exp  ->  unary_exp error .   (rule 75)

    $default	reduce using rule 75 (assignment_exp)



state 119

    assignment_exp  ->  unary_exp TASSIGN . assignment_exp   (rule 69)

    TSUB	shift, and go to state 50
    TNOT	shift, and go to state 51
    TINC	shift, and go to state 52
    TDEC	shift, and go to state 53
    TBRASL	shift, and go to state 54
    TIDENT	shift, and go to state 55
    TNUMBER	shift, and go to state 56
    TRNUMBER	shift, and go to state 57

    assignment_exp	go to state 166
    logical_or_exp	go to state 69
    logical_and_exp	go to state 70
    equality_exp	go to state 71
    relational_exp	go to state 72
    additive_exp	go to state 73
    multiplicative_exp	go to state 74
    unary_exp	go to state 75
    postfix_exp	go to state 76
    primary_exp	go to state 77



state 120

    assignment_exp  ->  unary_exp TADDASSIGN . assignment_exp   (rule 70)

    TSUB	shift, and go to state 50
    TNOT	shift, and go to state 51
    TINC	shift, and go to state 52
    TDEC	shift, and go to state 53
    TBRASL	shift, and go to state 54
    TIDENT	shift, and go to state 55
    TNUMBER	shift, and go to state 56
    TRNUMBER	shift, and go to state 57

    assignment_exp	go to state 167
    logical_or_exp	go to state 69
    logical_and_exp	go to state 70
    equality_exp	go to state 71
    relational_exp	go to state 72
    additive_exp	go to state 73
    multiplicative_exp	go to state 74
    unary_exp	go to state 75
    postfix_exp	go to state 76
    primary_exp	go to state 77



state 121

    assignment_exp  ->  unary_exp TSUBASSIGN . assignment_exp   (rule 71)

    TSUB	shift, and go to state 50
    TNOT	shift, and go to state 51
    TINC	shift, and go to state 52
    TDEC	shift, and go to state 53
    TBRASL	shift, and go to state 54
    TIDENT	shift, and go to state 55
    TNUMBER	shift, and go to state 56
    TRNUMBER	shift, and go to state 57

    assignment_exp	go to state 168
    logical_or_exp	go to state 69
    logical_and_exp	go to state 70
    equality_exp	go to state 71
    relational_exp	go to state 72
    additive_exp	go to state 73
    multiplicative_exp	go to state 74
    unary_exp	go to state 75
    postfix_exp	go to state 76
    primary_exp	go to state 77



state 122

    assignment_exp  ->  unary_exp TMULASSIGN . assignment_exp   (rule 72)

    TSUB	shift, and go to state 50
    TNOT	shift, and go to state 51
    TINC	shift, and go to state 52
    TDEC	shift, and go to state 53
    TBRASL	shift, and go to state 54
    TIDENT	shift, and go to state 55
    TNUMBER	shift, and go to state 56
    TRNUMBER	shift, and go to state 57

    assignment_exp	go to state 169
    logical_or_exp	go to state 69
    logical_and_exp	go to state 70
    equality_exp	go to state 71
    relational_exp	go to state 72
    additive_exp	go to state 73
    multiplicative_exp	go to state 74
    unary_exp	go to state 75
    postfix_exp	go to state 76
    primary_exp	go to state 77



state 123

    assignment_exp  ->  unary_exp TDIVASSIGN . assignment_exp   (rule 73)

    TSUB	shift, and go to state 50
    TNOT	shift, and go to state 51
    TINC	shift, and go to state 52
    TDEC	shift, and go to state 53
    TBRASL	shift, and go to state 54
    TIDENT	shift, and go to state 55
    TNUMBER	shift, and go to state 56
    TRNUMBER	shift, and go to state 57

    assignment_exp	go to state 170
    logical_or_exp	go to state 69
    logical_and_exp	go to state 70
    equality_exp	go to state 71
    relational_exp	go to state 72
    additive_exp	go to state 73
    multiplicative_exp	go to state 74
    unary_exp	go to state 75
    postfix_exp	go to state 76
    primary_exp	go to state 77



state 124

    assignment_exp  ->  unary_exp TMODASSIGN . assignment_exp   (rule 74)

    TSUB	shift, and go to state 50
    TNOT	shift, and go to state 51
    TINC	shift, and go to state 52
    TDEC	shift, and go to state 53
    TBRASL	shift, and go to state 54
    TIDENT	shift, and go to state 55
    TNUMBER	shift, and go to state 56
    TRNUMBER	shift, and go to state 57

    assignment_exp	go to state 171
    logical_or_exp	go to state 69
    logical_and_exp	go to state 70
    equality_exp	go to state 71
    relational_exp	go to state 72
    additive_exp	go to state 73
    multiplicative_exp	go to state 74
    unary_exp	go to state 75
    postfix_exp	go to state 76
    primary_exp	go to state 77



state 125

    postfix_exp  ->  postfix_exp TINC .   (rule 118)

    $default	reduce using rule 118 (postfix_exp)



state 126

    postfix_exp  ->  postfix_exp TDEC .   (rule 119)

    $default	reduce using rule 119 (postfix_exp)



state 127

    postfix_exp  ->  postfix_exp TBRASL . opt_actual_param TBRASR   (rule 116)
    postfix_exp  ->  postfix_exp TBRASL . opt_actual_param error   (rule 117)

    TSUB	shift, and go to state 50
    TNOT	shift, and go to state 51
    TINC	shift, and go to state 52
    TDEC	shift, and go to state 53
    TBRASL	shift, and go to state 54
    TIDENT	shift, and go to state 55
    TNUMBER	shift, and go to state 56
    TRNUMBER	shift, and go to state 57

    $default	reduce using rule 122 (actual_param)

    assignment_exp	go to state 172
    logical_or_exp	go to state 69
    logical_and_exp	go to state 70
    equality_exp	go to state 71
    relational_exp	go to state 72
    additive_exp	go to state 73
    multiplicative_exp	go to state 74
    unary_exp	go to state 75
    postfix_exp	go to state 76
    opt_actual_param	go to state 173
    actual_param	go to state 174
    actual_param_list	go to state 175
    primary_exp	go to state 77



state 128

    postfix_exp  ->  postfix_exp TBRALL . expression TBRALR   (rule 114)
    postfix_exp  ->  postfix_exp TBRALL . expression error   (rule 115)

    TSUB	shift, and go to state 50
    TNOT	shift, and go to state 51
    TINC	shift, and go to state 52
    TDEC	shift, and go to state 53
    TBRASL	shift, and go to state 54
    TIDENT	shift, and go to state 55
    TNUMBER	shift, and go to state 56
    TRNUMBER	shift, and go to state 57

    expression	go to state 176
    assignment_exp	go to state 68
    logical_or_exp	go to state 69
    logical_and_exp	go to state 70
    equality_exp	go to state 71
    relational_exp	go to state 72
    additive_exp	go to state 73
    multiplicative_exp	go to state 74
    unary_exp	go to state 75
    postfix_exp	go to state 76
    primary_exp	go to state 77



state 129

    declarator  ->  TIDENT TBRALL opt_number error .   (rule 45)

    $default	reduce using rule 45 (declarator)



state 130

    declarator  ->  TIDENT TBRALL opt_number TBRALR .   (rule 44)

    $default	reduce using rule 44 (declarator)



state 131

    formal_param_list  ->  formal_param_list TCOMMA param_dcl .   (rule 26)

    $default	reduce using rule 26 (formal_param_list)



state 132

    formal_param_list  ->  formal_param_list param_dcl error .   (rule 27)

    $default	reduce using rule 27 (formal_param_list)



state 133

    if_st  ->  TIF TBRASL expression . TBRASR statement   (rule 62)
    if_st  ->  TIF TBRASL expression . TBRASR statement TELSE statement   (rule 63)

    TBRASR	shift, and go to state 177



state 134

    return_st  ->  TRETURN opt_expression error .   (rule 66)

    $default	reduce using rule 66 (return_st)



state 135

    return_st  ->  TRETURN opt_expression TSEMICOLON .   (rule 65)

    $default	reduce using rule 65 (return_st)



state 136

    while_st  ->  TWHILE TBRASL expression . TBRASR statement   (rule 64)

    TBRASR	shift, and go to state 178



state 137

    primary_exp  ->  TBRASL expression error .   (rule 129)

    $default	reduce using rule 129 (primary_exp)



state 138

    primary_exp  ->  TBRASL expression TBRASR .   (rule 128)

    $default	reduce using rule 128 (primary_exp)



state 139

    logical_or_exp  ->  logical_or_exp TOR error .   (rule 78)

    $default	reduce using rule 78 (logical_or_exp)



state 140

    logical_or_exp  ->  logical_or_exp TOR logical_and_exp .   (rule 77)
    logical_and_exp  ->  logical_and_exp . TAND equality_exp   (rule 80)
    logical_and_exp  ->  logical_and_exp . TAND error   (rule 81)

    TAND	shift, and go to state 106

    $default	reduce using rule 77 (logical_or_exp)



state 141

    multiplicative_exp  ->  unary_exp .   (rule 101)

    $default	reduce using rule 101 (multiplicative_exp)



state 142

    logical_and_exp  ->  logical_and_exp TAND error .   (rule 81)

    $default	reduce using rule 81 (logical_and_exp)



state 143

    logical_and_exp  ->  logical_and_exp TAND equality_exp .   (rule 80)
    equality_exp  ->  equality_exp . TEQUAL relational_exp   (rule 83)
    equality_exp  ->  equality_exp . TNOTEQU relational_exp   (rule 84)
    equality_exp  ->  equality_exp . TEQUAL error   (rule 85)
    equality_exp  ->  equality_exp . TNOTEQU error   (rule 86)

    TEQUAL	shift, and go to state 107
    TNOTEQU	shift, and go to state 108

    $default	reduce using rule 80 (logical_and_exp)



state 144

    equality_exp  ->  equality_exp TEQUAL error .   (rule 85)

    $default	reduce using rule 85 (equality_exp)



state 145

    equality_exp  ->  equality_exp TEQUAL relational_exp .   (rule 83)
    relational_exp  ->  relational_exp . TGREAT additive_exp   (rule 88)
    relational_exp  ->  relational_exp . TLESS additive_exp   (rule 89)
    relational_exp  ->  relational_exp . TGREATE additive_exp   (rule 90)
    relational_exp  ->  relational_exp . TLESSE additive_exp   (rule 91)
    relational_exp  ->  relational_exp . TGREAT error   (rule 92)
    relational_exp  ->  relational_exp . TLESS error   (rule 93)
    relational_exp  ->  relational_exp . TGREATE error   (rule 94)
    relational_exp  ->  relational_exp . TLESSE error   (rule 95)

    TGREATE	shift, and go to state 109
    TLESSE	shift, and go to state 110
    TGREAT	shift, and go to state 111
    TLESS	shift, and go to state 112

    $default	reduce using rule 83 (equality_exp)



state 146

    equality_exp  ->  equality_exp TNOTEQU error .   (rule 86)

    $default	reduce using rule 86 (equality_exp)



state 147

    equality_exp  ->  equality_exp TNOTEQU relational_exp .   (rule 84)
    relational_exp  ->  relational_exp . TGREAT additive_exp   (rule 88)
    relational_exp  ->  relational_exp . TLESS additive_exp   (rule 89)
    relational_exp  ->  relational_exp . TGREATE additive_exp   (rule 90)
    relational_exp  ->  relational_exp . TLESSE additive_exp   (rule 91)
    relational_exp  ->  relational_exp . TGREAT error   (rule 92)
    relational_exp  ->  relational_exp . TLESS error   (rule 93)
    relational_exp  ->  relational_exp . TGREATE error   (rule 94)
    relational_exp  ->  relational_exp . TLESSE error   (rule 95)

    TGREATE	shift, and go to state 109
    TLESSE	shift, and go to state 110
    TGREAT	shift, and go to state 111
    TLESS	shift, and go to state 112

    $default	reduce using rule 84 (equality_exp)



state 148

    relational_exp  ->  relational_exp TGREATE error .   (rule 94)

    $default	reduce using rule 94 (relational_exp)



state 149

    relational_exp  ->  relational_exp TGREATE additive_exp .   (rule 90)
    additive_exp  ->  additive_exp . TADD multiplicative_exp   (rule 97)
    additive_exp  ->  additive_exp . TSUB multiplicative_exp   (rule 98)
    additive_exp  ->  additive_exp . TADD error   (rule 99)
    additive_exp  ->  additive_exp . TSUB error   (rule 100)

    TADD	shift, and go to state 113
    TSUB	shift, and go to state 114

    $default	reduce using rule 90 (relational_exp)



state 150

    relational_exp  ->  relational_exp TLESSE error .   (rule 95)

    $default	reduce using rule 95 (relational_exp)



state 151

    relational_exp  ->  relational_exp TLESSE additive_exp .   (rule 91)
    additive_exp  ->  additive_exp . TADD multiplicative_exp   (rule 97)
    additive_exp  ->  additive_exp . TSUB multiplicative_exp   (rule 98)
    additive_exp  ->  additive_exp . TADD error   (rule 99)
    additive_exp  ->  additive_exp . TSUB error   (rule 100)

    TADD	shift, and go to state 113
    TSUB	shift, and go to state 114

    $default	reduce using rule 91 (relational_exp)



state 152

    relational_exp  ->  relational_exp TGREAT error .   (rule 92)

    $default	reduce using rule 92 (relational_exp)



state 153

    relational_exp  ->  relational_exp TGREAT additive_exp .   (rule 88)
    additive_exp  ->  additive_exp . TADD multiplicative_exp   (rule 97)
    additive_exp  ->  additive_exp . TSUB multiplicative_exp   (rule 98)
    additive_exp  ->  additive_exp . TADD error   (rule 99)
    additive_exp  ->  additive_exp . TSUB error   (rule 100)

    TADD	shift, and go to state 113
    TSUB	shift, and go to state 114

    $default	reduce using rule 88 (relational_exp)



state 154

    relational_exp  ->  relational_exp TLESS error .   (rule 93)

    $default	reduce using rule 93 (relational_exp)



state 155

    relational_exp  ->  relational_exp TLESS additive_exp .   (rule 89)
    additive_exp  ->  additive_exp . TADD multiplicative_exp   (rule 97)
    additive_exp  ->  additive_exp . TSUB multiplicative_exp   (rule 98)
    additive_exp  ->  additive_exp . TADD error   (rule 99)
    additive_exp  ->  additive_exp . TSUB error   (rule 100)

    TADD	shift, and go to state 113
    TSUB	shift, and go to state 114

    $default	reduce using rule 89 (relational_exp)



state 156

    additive_exp  ->  additive_exp TADD error .   (rule 99)

    $default	reduce using rule 99 (additive_exp)



state 157

    additive_exp  ->  additive_exp TADD multiplicative_exp .   (rule 97)
    multiplicative_exp  ->  multiplicative_exp . TMUL unary_exp   (rule 102)
    multiplicative_exp  ->  multiplicative_exp . TDIV unary_exp   (rule 103)
    multiplicative_exp  ->  multiplicative_exp . TMOD unary_exp   (rule 104)
    multiplicative_exp  ->  multiplicative_exp . TMUL error   (rule 105)
    multiplicative_exp  ->  multiplicative_exp . TDIV error   (rule 106)
    multiplicative_exp  ->  multiplicative_exp . TMOD error   (rule 107)

    TMUL	shift, and go to state 115
    TDIV	shift, and go to state 116
    TMOD	shift, and go to state 117

    $default	reduce using rule 97 (additive_exp)



state 158

    additive_exp  ->  additive_exp TSUB error .   (rule 100)

    $default	reduce using rule 100 (additive_exp)



state 159

    additive_exp  ->  additive_exp TSUB multiplicative_exp .   (rule 98)
    multiplicative_exp  ->  multiplicative_exp . TMUL unary_exp   (rule 102)
    multiplicative_exp  ->  multiplicative_exp . TDIV unary_exp   (rule 103)
    multiplicative_exp  ->  multiplicative_exp . TMOD unary_exp   (rule 104)
    multiplicative_exp  ->  multiplicative_exp . TMUL error   (rule 105)
    multiplicative_exp  ->  multiplicative_exp . TDIV error   (rule 106)
    multiplicative_exp  ->  multiplicative_exp . TMOD error   (rule 107)

    TMUL	shift, and go to state 115
    TDIV	shift, and go to state 116
    TMOD	shift, and go to state 117

    $default	reduce using rule 98 (additive_exp)



state 160

    multiplicative_exp  ->  multiplicative_exp TMUL error .   (rule 105)

    $default	reduce using rule 105 (multiplicative_exp)



state 161

    multiplicative_exp  ->  multiplicative_exp TMUL unary_exp .   (rule 102)

    $default	reduce using rule 102 (multiplicative_exp)



state 162

    multiplicative_exp  ->  multiplicative_exp TDIV error .   (rule 106)

    $default	reduce using rule 106 (multiplicative_exp)



state 163

    multiplicative_exp  ->  multiplicative_exp TDIV unary_exp .   (rule 103)

    $default	reduce using rule 103 (multiplicative_exp)



state 164

    multiplicative_exp  ->  multiplicative_exp TMOD error .   (rule 107)

    $default	reduce using rule 107 (multiplicative_exp)



state 165

    multiplicative_exp  ->  multiplicative_exp TMOD unary_exp .   (rule 104)

    $default	reduce using rule 104 (multiplicative_exp)



state 166

    assignment_exp  ->  unary_exp TASSIGN assignment_exp .   (rule 69)

    $default	reduce using rule 69 (assignment_exp)



state 167

    assignment_exp  ->  unary_exp TADDASSIGN assignment_exp .   (rule 70)

    $default	reduce using rule 70 (assignment_exp)



state 168

    assignment_exp  ->  unary_exp TSUBASSIGN assignment_exp .   (rule 71)

    $default	reduce using rule 71 (assignment_exp)



state 169

    assignment_exp  ->  unary_exp TMULASSIGN assignment_exp .   (rule 72)

    $default	reduce using rule 72 (assignment_exp)



state 170

    assignment_exp  ->  unary_exp TDIVASSIGN assignment_exp .   (rule 73)

    $default	reduce using rule 73 (assignment_exp)



state 171

    assignment_exp  ->  unary_exp TMODASSIGN assignment_exp .   (rule 74)

    $default	reduce using rule 74 (assignment_exp)



state 172

    actual_param_list  ->  assignment_exp .   (rule 123)

    $default	reduce using rule 123 (actual_param_list)



state 173

    postfix_exp  ->  postfix_exp TBRASL opt_actual_param . TBRASR   (rule 116)
    postfix_exp  ->  postfix_exp TBRASL opt_actual_param . error   (rule 117)

    error	shift, and go to state 179
    TBRASR	shift, and go to state 180



state 174

    opt_actual_param  ->  actual_param .   (rule 120)

    $default	reduce using rule 120 (opt_actual_param)



state 175

    actual_param  ->  actual_param_list .   (rule 121)
    actual_param_list  ->  actual_param_list . TCOMMA assignment_exp   (rule 124)

    TCOMMA	shift, and go to state 181

    $default	reduce using rule 121 (actual_param)



state 176

    postfix_exp  ->  postfix_exp TBRALL expression . TBRALR   (rule 114)
    postfix_exp  ->  postfix_exp TBRALL expression . error   (rule 115)

    error	shift, and go to state 182
    TBRALR	shift, and go to state 183



state 177

    if_st  ->  TIF TBRASL expression TBRASR . statement   (rule 62)
    if_st  ->  TIF TBRASL expression TBRASR . statement TELSE statement   (rule 63)

    TIF 	shift, and go to state 47
    TRETURN	shift, and go to state 48
    TWHILE	shift, and go to state 49
    TSUB	shift, and go to state 50
    TNOT	shift, and go to state 51
    TINC	shift, and go to state 52
    TDEC	shift, and go to state 53
    TBRASL	shift, and go to state 54
    TBRAML	shift, and go to state 21
    TIDENT	shift, and go to state 55
    TNUMBER	shift, and go to state 56
    TRNUMBER	shift, and go to state 57

    $default	reduce using rule 61 (opt_expression)

    compound_st	go to state 58
    statement	go to state 184
    expression_st	go to state 62
    opt_expression	go to state 63
    if_st	go to state 64
    while_st	go to state 65
    return_st	go to state 66
    expression	go to state 67
    assignment_exp	go to state 68
    logical_or_exp	go to state 69
    logical_and_exp	go to state 70
    equality_exp	go to state 71
    relational_exp	go to state 72
    additive_exp	go to state 73
    multiplicative_exp	go to state 74
    unary_exp	go to state 75
    postfix_exp	go to state 76
    primary_exp	go to state 77



state 178

    while_st  ->  TWHILE TBRASL expression TBRASR . statement   (rule 64)

    TIF 	shift, and go to state 47
    TRETURN	shift, and go to state 48
    TWHILE	shift, and go to state 49
    TSUB	shift, and go to state 50
    TNOT	shift, and go to state 51
    TINC	shift, and go to state 52
    TDEC	shift, and go to state 53
    TBRASL	shift, and go to state 54
    TBRAML	shift, and go to state 21
    TIDENT	shift, and go to state 55
    TNUMBER	shift, and go to state 56
    TRNUMBER	shift, and go to state 57

    $default	reduce using rule 61 (opt_expression)

    compound_st	go to state 58
    statement	go to state 185
    expression_st	go to state 62
    opt_expression	go to state 63
    if_st	go to state 64
    while_st	go to state 65
    return_st	go to state 66
    expression	go to state 67
    assignment_exp	go to state 68
    logical_or_exp	go to state 69
    logical_and_exp	go to state 70
    equality_exp	go to state 71
    relational_exp	go to state 72
    additive_exp	go to state 73
    multiplicative_exp	go to state 74
    unary_exp	go to state 75
    postfix_exp	go to state 76
    primary_exp	go to state 77



state 179

    postfix_exp  ->  postfix_exp TBRASL opt_actual_param error .   (rule 117)

    $default	reduce using rule 117 (postfix_exp)



state 180

    postfix_exp  ->  postfix_exp TBRASL opt_actual_param TBRASR .   (rule 116)

    $default	reduce using rule 116 (postfix_exp)



state 181

    actual_param_list  ->  actual_param_list TCOMMA . assignment_exp   (rule 124)

    TSUB	shift, and go to state 50
    TNOT	shift, and go to state 51
    TINC	shift, and go to state 52
    TDEC	shift, and go to state 53
    TBRASL	shift, and go to state 54
    TIDENT	shift, and go to state 55
    TNUMBER	shift, and go to state 56
    TRNUMBER	shift, and go to state 57

    assignment_exp	go to state 186
    logical_or_exp	go to state 69
    logical_and_exp	go to state 70
    equality_exp	go to state 71
    relational_exp	go to state 72
    additive_exp	go to state 73
    multiplicative_exp	go to state 74
    unary_exp	go to state 75
    postfix_exp	go to state 76
    primary_exp	go to state 77



state 182

    postfix_exp  ->  postfix_exp TBRALL expression error .   (rule 115)

    $default	reduce using rule 115 (postfix_exp)



state 183

    postfix_exp  ->  postfix_exp TBRALL expression TBRALR .   (rule 114)

    $default	reduce using rule 114 (postfix_exp)



state 184

    if_st  ->  TIF TBRASL expression TBRASR statement .   (rule 62)
    if_st  ->  TIF TBRASL expression TBRASR statement . TELSE statement   (rule 63)

    TELSE	shift, and go to state 187

    $default	reduce using rule 62 (if_st)



state 185

    while_st  ->  TWHILE TBRASL expression TBRASR statement .   (rule 64)

    $default	reduce using rule 64 (while_st)



state 186

    actual_param_list  ->  actual_param_list TCOMMA assignment_exp .   (rule 124)

    $default	reduce using rule 124 (actual_param_list)



state 187

    if_st  ->  TIF TBRASL expression TBRASR statement TELSE . statement   (rule 63)

    TIF 	shift, and go to state 47
    TRETURN	shift, and go to state 48
    TWHILE	shift, and go to state 49
    TSUB	shift, and go to state 50
    TNOT	shift, and go to state 51
    TINC	shift, and go to state 52
    TDEC	shift, and go to state 53
    TBRASL	shift, and go to state 54
    TBRAML	shift, and go to state 21
    TIDENT	shift, and go to state 55
    TNUMBER	shift, and go to state 56
    TRNUMBER	shift, and go to state 57

    $default	reduce using rule 61 (opt_expression)

    compound_st	go to state 58
    statement	go to state 188
    expression_st	go to state 62
    opt_expression	go to state 63
    if_st	go to state 64
    while_st	go to state 65
    return_st	go to state 66
    expression	go to state 67
    assignment_exp	go to state 68
    logical_or_exp	go to state 69
    logical_and_exp	go to state 70
    equality_exp	go to state 71
    relational_exp	go to state 72
    additive_exp	go to state 73
    multiplicative_exp	go to state 74
    unary_exp	go to state 75
    postfix_exp	go to state 76
    primary_exp	go to state 77



state 188

    if_st  ->  TIF TBRASL expression TBRASR statement TELSE statement .   (rule 63)

    $default	reduce using rule 63 (if_st)



state 189

    $   	go to state 190



state 190

    $   	go to state 191



state 191

    $default	accept
